TN:
SF:apps/api/src/app/app.controller.ts
FN:9,(anonymous_0)
FN:12,(anonymous_1)
FN:18,(anonymous_2)
FNF:3
FNH:2
FNDA:1,(anonymous_0)
FNDA:1,(anonymous_1)
FNDA:0,(anonymous_2)
DA:1,1
DA:4,1
DA:5,1
DA:8,1
DA:9,1
DA:12,1
DA:13,1
DA:18,1
DA:19,0
LF:9
LH:8
BRF:0
BRH:0
end_of_record
TN:
SF:apps/api/src/app/app.service.ts
FN:6,(anonymous_0)
FNF:1
FNH:1
FNDA:2,(anonymous_0)
DA:1,2
DA:5,2
DA:7,2
LF:3
LH:3
BRF:0
BRH:0
end_of_record
TN:
SF:apps/api/src/app/auth/guards/jwt-auth.guard.ts
FNF:0
FNH:0
DA:1,1
DA:2,1
DA:5,1
LF:3
LH:3
BRF:0
BRH:0
end_of_record
TN:
SF:apps/api/src/app/auth/services/auth.service.ts
FN:9,(anonymous_0)
FN:14,(anonymous_1)
FN:23,(anonymous_3)
FNF:3
FNH:1
FNDA:1,(anonymous_0)
FNDA:0,(anonymous_1)
FNDA:0,(anonymous_3)
DA:1,1
DA:2,1
DA:5,1
DA:8,1
DA:10,1
DA:11,1
DA:15,0
DA:16,0
DA:17,0
DA:18,0
DA:20,0
DA:24,0
DA:25,0
LF:13
LH:6
BRDA:16,0,0,0
BRDA:16,1,0,0
BRDA:16,1,1,0
BRF:3
BRH:0
end_of_record
TN:
SF:apps/api/src/app/users/application/users.service.ts
FN:6,(anonymous_0)
FN:20,(anonymous_1)
FN:21,(anonymous_3)
FNF:3
FNH:1
FNDA:2,(anonymous_0)
FNDA:0,(anonymous_1)
FNDA:0,(anonymous_3)
DA:1,2
DA:6,2
DA:7,2
DA:21,0
LF:4
LH:3
BRF:0
BRH:0
end_of_record
TN:
SF:apps/leads-up/src/app/app.component.ts
FNF:0
FNH:0
DA:1,16
DA:2,16
DA:9,16
LF:3
LH:3
BRF:0
BRH:0
end_of_record
TN:
SF:apps/leads-up/src/app/theme.config.ts
FN:16,(anonymous_0)
FNF:1
FNH:1
FNDA:31,(anonymous_0)
DA:1,17
DA:2,17
DA:5,17
DA:6,31
DA:8,31
DA:10,31
DA:12,31
DA:14,31
DA:16,31
DA:17,31
DA:18,31
LF:11
LH:11
BRF:0
BRH:0
end_of_record
TN:
SF:apps/leads-up/src/app/access-denied/access-denied.component.html
FNF:0
FNH:0
DA:1,1
LF:1
LH:1
BRF:0
BRH:0
end_of_record
TN:
SF:apps/leads-up/src/app/access-denied/access-denied.component.ts
FN:16,(anonymous_0)
FNF:1
FNH:1
FNDA:2,(anonymous_0)
DA:1,1
DA:2,1
DA:3,1
DA:4,1
DA:5,1
DA:15,1
DA:16,2
LF:7
LH:7
BRF:0
BRH:0
end_of_record
TN:
SF:apps/leads-up/src/app/auth/components/login/login.component.html
FNF:0
FNH:0
DA:1,1
LF:1
LH:1
BRF:0
BRH:0
end_of_record
TN:
SF:apps/leads-up/src/app/auth/components/login/login.component.ts
FN:31,(anonymous_0)
FN:40,(anonymous_1)
FN:53,(anonymous_2)
FN:58,(anonymous_3)
FN:60,(anonymous_4)
FNF:5
FNH:2
FNDA:6,(anonymous_0)
FNDA:2,(anonymous_1)
FNDA:0,(anonymous_2)
FNDA:0,(anonymous_3)
FNDA:0,(anonymous_4)
DA:1,1
DA:2,1
DA:3,1
DA:4,1
DA:5,1
DA:6,1
DA:7,1
DA:8,1
DA:9,1
DA:10,1
DA:11,1
DA:27,1
DA:29,6
DA:32,6
DA:33,6
DA:34,6
DA:35,6
DA:37,6
DA:41,2
DA:42,2
DA:43,1
DA:48,1
DA:51,1
DA:52,1
DA:54,0
DA:55,0
DA:56,0
DA:59,0
DA:60,0
DA:61,0
DA:66,0
DA:70,1
LF:32
LH:25
BRDA:41,0,0,2
BRDA:42,1,0,1
BRF:2
BRH:2
end_of_record
TN:
SF:apps/leads-up/src/app/auth/components/login/login.hooks.ts
FN:4,(anonymous_0)
FNF:1
FNH:1
FNDA:4,(anonymous_0)
DA:3,1
DA:5,4
DA:6,2
DA:8,2
LF:4
LH:4
BRDA:5,0,0,2
BRDA:5,1,0,4
BRDA:5,1,1,2
BRF:3
BRH:3
end_of_record
TN:
SF:apps/leads-up/src/app/auth/models/login.model.ts
FN:8,(anonymous_0)
FNF:1
FNH:1
FNDA:6,(anonymous_0)
DA:3,1
DA:9,6
DA:10,6
LF:3
LH:3
BRF:0
BRH:0
end_of_record
TN:
SF:apps/leads-up/src/app/auth/services/login.service.ts
FN:10,(anonymous_0)
FNF:1
FNH:1
FNDA:4,(anonymous_0)
DA:1,2
DA:3,2
DA:9,2
DA:11,4
LF:4
LH:4
BRF:0
BRH:0
end_of_record
TN:
SF:apps/leads-up/src/app/core/services/api-http.service.ts
FN:17,(anonymous_0)
FN:26,(anonymous_1)
FN:30,(anonymous_2)
FNF:3
FNH:2
FNDA:11,(anonymous_0)
FNDA:0,(anonymous_1)
FNDA:4,(anonymous_2)
DA:1,2
DA:2,2
DA:3,2
DA:7,2
DA:12,2
DA:15,11
DA:17,11
DA:18,11
DA:27,0
DA:31,4
LF:10
LH:9
BRF:0
BRH:0
end_of_record
TN:
SF:apps/leads-up/src/app/crm/dashboard/dashboard.component.html
FNF:0
FNH:0
DA:1,1
LF:1
LH:1
BRF:0
BRH:0
end_of_record
TN:
SF:apps/leads-up/src/app/crm/dashboard/dashboard.component.ts
FNF:0
FNH:0
DA:1,1
DA:2,1
DA:3,1
DA:12,1
LF:4
LH:4
BRF:0
BRH:0
end_of_record
TN:
SF:apps/leads-up/src/app/crm/home/home.component.html
FNF:0
FNH:0
DA:1,1
LF:1
LH:1
BRF:0
BRH:0
end_of_record
TN:
SF:apps/leads-up/src/app/crm/home/home.component.ts
FNF:0
FNH:0
DA:1,1
DA:2,1
DA:11,1
LF:3
LH:3
BRF:0
BRH:0
end_of_record
TN:
SF:apps/leads-up/src/app/error/error.component.html
FNF:0
FNH:0
DA:1,1
LF:1
LH:1
BRF:0
BRH:0
end_of_record
TN:
SF:apps/leads-up/src/app/error/error.component.ts
FN:16,(anonymous_0)
FNF:1
FNH:1
FNDA:2,(anonymous_0)
DA:1,1
DA:2,1
DA:3,1
DA:4,1
DA:5,1
DA:15,1
DA:16,2
LF:7
LH:7
BRF:0
BRH:0
end_of_record
TN:
SF:apps/leads-up/src/app/logout/logout.component.ts
FN:13,(anonymous_0)
FNF:1
FNH:1
FNDA:1,(anonymous_0)
DA:1,1
DA:2,1
DA:3,1
DA:12,1
DA:13,1
DA:14,1
DA:15,1
LF:7
LH:7
BRF:0
BRH:0
end_of_record
TN:
SF:apps/leads-up/src/app/not-found/not-found.component.html
FNF:0
FNH:0
DA:1,1
LF:1
LH:1
BRF:0
BRH:0
end_of_record
TN:
SF:apps/leads-up/src/app/not-found/not-found.component.ts
FN:16,(anonymous_0)
FNF:1
FNH:1
FNDA:2,(anonymous_0)
DA:1,1
DA:2,1
DA:3,1
DA:4,1
DA:5,1
DA:15,1
DA:16,2
LF:7
LH:7
BRF:0
BRH:0
end_of_record
TN:
SF:apps/leads-up/src/app/shared/app-config/app-config.component.html
FNF:0
FNH:0
DA:1,10
LF:1
LH:1
BRF:0
BRH:0
end_of_record
TN:
SF:apps/leads-up/src/app/shared/app-config/app-config.component.ts
FN:29,(anonymous_0)
FN:35,(anonymous_1)
FN:36,(anonymous_2)
FN:63,(anonymous_3)
FN:74,(anonymous_4)
FN:93,(anonymous_5)
FN:104,(anonymous_6)
FN:119,(anonymous_7)
FN:124,(anonymous_8)
FN:139,(anonymous_9)
FN:146,(anonymous_10)
FNF:11
FNH:2
FNDA:6,(anonymous_0)
FNDA:6,(anonymous_1)
FNDA:0,(anonymous_2)
FNDA:0,(anonymous_3)
FNDA:0,(anonymous_4)
FNDA:0,(anonymous_5)
FNDA:0,(anonymous_6)
FNDA:0,(anonymous_7)
FNDA:0,(anonymous_8)
FNDA:0,(anonymous_9)
FNDA:0,(anonymous_10)
DA:1,10
DA:2,10
DA:3,10
DA:4,10
DA:5,10
DA:7,10
DA:8,10
DA:10,10
DA:20,10
DA:30,6
DA:31,6
DA:32,6
DA:36,6
DA:37,0
DA:40,6
DA:51,6
DA:64,0
DA:65,0
DA:67,0
DA:68,0
DA:75,0
DA:76,0
DA:77,0
DA:78,0
DA:80,0
DA:82,0
DA:83,0
DA:85,0
DA:88,0
DA:90,0
DA:94,0
DA:98,0
DA:99,0
DA:101,0
DA:105,0
DA:109,0
DA:114,0
DA:116,0
DA:120,0
DA:125,0
DA:126,0
DA:128,0
DA:129,0
DA:131,0
DA:132,0
DA:134,0
DA:139,0
DA:140,0
DA:141,0
DA:147,0
DA:148,0
DA:149,0
DA:150,0
LF:53
LH:15
BRDA:76,0,0,0
BRDA:76,0,1,0
BRDA:76,1,0,0
BRDA:76,1,1,0
BRDA:76,2,0,0
BRDA:76,2,1,0
BRDA:76,3,0,0
BRDA:76,3,1,0
BRDA:77,4,0,0
BRDA:80,5,0,0
BRDA:80,5,1,0
BRDA:83,6,0,0
BRDA:88,7,0,0
BRDA:88,7,1,0
BRDA:88,8,0,0
BRDA:88,8,1,0
BRDA:125,9,0,0
BRDA:125,9,1,0
BRF:18
BRH:0
end_of_record
TN:
SF:apps/leads-up/src/app/shared/app-config/services/app.config.service.ts
FN:17,(anonymous_1)
FN:22,(anonymous_2)
FNF:2
FNH:0
FNDA:0,(anonymous_1)
FNDA:0,(anonymous_2)
DA:1,10
DA:2,10
DA:5,10
DA:6,6
DA:13,6
DA:15,6
DA:18,0
DA:19,0
DA:23,0
LF:9
LH:6
BRF:0
BRH:0
end_of_record
TN:
SF:apps/leads-up/src/app/shared/breadcrumb-one/breadcrumb-one.component.html
FNF:0
FNH:0
DA:1,10
LF:1
LH:1
BRF:0
BRH:0
end_of_record
TN:
SF:apps/leads-up/src/app/shared/breadcrumb-one/breadcrumb-one.component.ts
FN:37,(anonymous_0)
FN:41,(anonymous_1)
FN:48,(anonymous_2)
FNF:3
FNH:2
FNDA:6,(anonymous_0)
FNDA:0,(anonymous_1)
FNDA:6,(anonymous_2)
DA:1,10
DA:2,10
DA:3,10
DA:5,10
DA:6,10
DA:7,10
DA:8,10
DA:10,10
DA:11,10
DA:28,10
DA:38,6
DA:39,6
DA:41,6
DA:42,0
DA:45,6
DA:49,6
DA:50,6
LF:17
LH:16
BRDA:49,0,0,6
BRF:1
BRH:1
end_of_record
TN:
SF:apps/leads-up/src/app/shared/breadcrumb-one/services/breadcrumb.service.ts
FN:11,(anonymous_1)
FNF:1
FNH:0
FNDA:0,(anonymous_1)
DA:1,10
DA:3,10
DA:6,10
DA:7,6
DA:9,6
DA:12,0
LF:6
LH:5
BRF:0
BRH:0
end_of_record
TN:
SF:apps/leads-up/src/app/shared/button-one/button-one.component.html
FNF:0
FNH:0
DA:1,2
LF:1
LH:1
BRF:0
BRH:0
end_of_record
TN:
SF:apps/leads-up/src/app/shared/button-one/button-one.component.ts
FNF:0
FNH:0
DA:1,2
DA:2,2
DA:3,2
DA:4,2
DA:5,2
DA:15,2
LF:6
LH:6
BRF:0
BRH:0
end_of_record
TN:
SF:apps/leads-up/src/app/shared/button-one/button-one.config.ts
FN:49,(anonymous_1)
FNF:1
FNH:0
FNDA:0,(anonymous_1)
DA:1,2
DA:4,2
DA:27,8
DA:44,8
DA:49,8
DA:50,0
DA:51,0
LF:7
LH:5
BRF:0
BRH:0
end_of_record
TN:
SF:apps/leads-up/src/app/shared/dashboard-menu-one/dashboard-menu-one.component.html
FNF:0
FNH:0
DA:1,10
LF:1
LH:1
BRF:0
BRH:0
end_of_record
TN:
SF:apps/leads-up/src/app/shared/dashboard-menu-one/dashboard-menu-one.component.ts
FN:76,(anonymous_0)
FN:82,(anonymous_1)
FN:121,(anonymous_2)
FN:126,(anonymous_3)
FN:140,(anonymous_4)
FN:144,(anonymous_5)
FN:150,(anonymous_6)
FN:152,(anonymous_7)
FN:160,(anonymous_8)
FN:176,(anonymous_9)
FN:188,(anonymous_10)
FN:192,(anonymous_11)
FN:197,(anonymous_12)
FN:201,(anonymous_13)
FN:207,(anonymous_14)
FN:211,(anonymous_15)
FN:215,(anonymous_16)
FN:219,(anonymous_17)
FN:223,(anonymous_18)
FN:227,(anonymous_19)
FN:231,(anonymous_20)
FN:235,(anonymous_21)
FNF:22
FNH:7
FNDA:16,(anonymous_0)
FNDA:0,(anonymous_1)
FNDA:0,(anonymous_2)
FNDA:0,(anonymous_3)
FNDA:0,(anonymous_4)
FNDA:0,(anonymous_5)
FNDA:0,(anonymous_6)
FNDA:0,(anonymous_7)
FNDA:0,(anonymous_8)
FNDA:0,(anonymous_9)
FNDA:0,(anonymous_10)
FNDA:0,(anonymous_11)
FNDA:0,(anonymous_12)
FNDA:0,(anonymous_13)
FNDA:0,(anonymous_14)
FNDA:76,(anonymous_15)
FNDA:16,(anonymous_16)
FNDA:72,(anonymous_17)
FNDA:62,(anonymous_18)
FNDA:32,(anonymous_19)
FNDA:0,(anonymous_20)
FNDA:48,(anonymous_21)
DA:1,10
DA:2,10
DA:3,10
DA:4,10
DA:5,10
DA:6,10
DA:7,10
DA:8,10
DA:9,10
DA:10,10
DA:11,10
DA:12,10
DA:13,10
DA:32,10
DA:35,16
DA:39,16
DA:41,16
DA:43,16
DA:47,16
DA:56,16
DA:62,16
DA:77,16
DA:78,16
DA:79,16
DA:83,0
DA:84,0
DA:85,0
DA:88,0
DA:89,0
DA:90,0
DA:93,0
DA:94,0
DA:95,0
DA:98,0
DA:99,0
DA:102,0
DA:103,0
DA:104,0
DA:105,0
DA:108,0
DA:109,0
DA:110,0
DA:114,0
DA:115,0
DA:116,0
DA:117,0
DA:118,0
DA:122,0
DA:127,0
DA:129,0
DA:130,0
DA:133,0
DA:134,0
DA:137,0
DA:141,0
DA:142,0
DA:143,0
DA:144,0
DA:145,0
DA:151,0
DA:152,0
DA:153,0
DA:154,0
DA:155,0
DA:161,0
DA:163,0
DA:164,0
DA:167,0
DA:168,0
DA:170,0
DA:173,0
DA:177,0
DA:179,0
DA:180,0
DA:182,0
DA:185,0
DA:189,0
DA:193,0
DA:194,0
DA:198,0
DA:202,0
DA:203,0
DA:204,0
DA:208,0
DA:212,76
DA:216,16
DA:220,72
DA:224,62
DA:228,32
DA:232,0
DA:236,48
LF:91
LH:30
BRDA:83,0,0,0
BRDA:88,1,0,0
BRDA:88,2,0,0
BRDA:88,2,1,0
BRDA:93,3,0,0
BRDA:93,4,0,0
BRDA:93,4,1,0
BRDA:98,5,0,0
BRDA:98,6,0,0
BRDA:98,6,1,0
BRDA:102,7,0,0
BRDA:103,8,0,0
BRDA:103,9,0,0
BRDA:103,9,1,0
BRDA:103,9,2,0
BRDA:108,10,0,0
BRDA:108,11,0,0
BRDA:108,11,1,0
BRDA:129,12,0,0
BRDA:133,13,0,0
BRDA:141,14,0,0
BRDA:141,15,0,0
BRDA:141,15,1,0
BRDA:151,16,0,0
BRDA:151,17,0,0
BRDA:151,17,1,0
BRDA:163,18,0,0
BRDA:167,19,0,0
BRDA:167,19,1,0
BRDA:179,20,0,0
BRDA:179,20,1,0
BRF:31
BRH:0
end_of_record
TN:
SF:apps/leads-up/src/app/shared/dashboard-menu-one/services/dashboard-menu.service.ts
FN:12,(anonymous_1)
FN:16,(anonymous_2)
FNF:2
FNH:0
FNDA:0,(anonymous_1)
FNDA:0,(anonymous_2)
DA:1,10
DA:2,10
DA:5,10
DA:6,16
DA:7,16
DA:9,16
DA:10,16
DA:13,0
DA:17,0
LF:9
LH:7
BRF:0
BRH:0
end_of_record
TN:
SF:apps/leads-up/src/app/shared/footer-one/footer-one.component.html
FNF:0
FNH:0
DA:1,11
LF:1
LH:1
BRF:0
BRH:0
end_of_record
TN:
SF:apps/leads-up/src/app/shared/footer-one/footer-one.component.ts
FN:13,(anonymous_0)
FNF:1
FNH:1
FNDA:6,(anonymous_0)
DA:1,11
DA:2,11
DA:3,11
DA:12,11
DA:13,6
LF:5
LH:5
BRF:0
BRH:0
end_of_record
TN:
SF:apps/leads-up/src/app/shared/inline-menu-one/inline-menu-one.component.html
FNF:0
FNH:0
DA:1,10
LF:1
LH:1
BRF:0
BRH:0
end_of_record
TN:
SF:apps/leads-up/src/app/shared/inline-menu-one/inline-menu-one.component.ts
FN:59,(anonymous_0)
FNF:1
FNH:1
FNDA:10,(anonymous_0)
DA:1,10
DA:8,10
DA:9,10
DA:10,10
DA:11,10
DA:58,10
DA:59,10
LF:7
LH:7
BRF:0
BRH:0
end_of_record
TN:
SF:apps/leads-up/src/app/shared/input-text-one/input-text-one.component.html
FNF:0
FNH:0
DA:1,2
LF:1
LH:1
BRF:0
BRH:0
end_of_record
TN:
SF:apps/leads-up/src/app/shared/input-text-one/input-text-one.component.ts
FNF:0
FNH:0
DA:1,2
DA:2,2
DA:3,2
DA:4,2
DA:5,2
DA:15,2
LF:6
LH:6
BRF:0
BRH:0
end_of_record
TN:
SF:apps/leads-up/src/app/shared/input-text-one/input-text-one.config.ts
FN:14,(anonymous_1)
FNF:1
FNH:0
FNDA:0,(anonymous_1)
DA:1,2
DA:4,2
DA:12,14
DA:15,0
LF:4
LH:3
BRF:0
BRH:0
end_of_record
TN:
SF:apps/leads-up/src/app/shared/menu-item/menu-item.component.html
FNF:0
FNH:0
DA:1,10
LF:1
LH:1
BRF:0
BRH:0
end_of_record
TN:
SF:apps/leads-up/src/app/shared/menu-item/menu-item.component.ts
FN:103,(anonymous_0)
FN:109,(anonymous_1)
FN:117,(anonymous_2)
FN:122,(anonymous_3)
FN:123,(anonymous_4)
FN:139,(anonymous_5)
FN:152,(anonymous_6)
FN:159,(anonymous_7)
FN:205,(anonymous_8)
FN:218,(anonymous_9)
FNF:10
FNH:4
FNDA:48,(anonymous_0)
FNDA:0,(anonymous_1)
FNDA:0,(anonymous_2)
FNDA:0,(anonymous_3)
FNDA:0,(anonymous_4)
FNDA:48,(anonymous_5)
FNDA:24,(anonymous_6)
FNDA:0,(anonymous_7)
FNDA:0,(anonymous_8)
FNDA:48,(anonymous_9)
DA:1,10
DA:8,10
DA:9,10
DA:16,10
DA:17,10
DA:18,10
DA:19,10
DA:20,10
DA:83,10
DA:93,48
DA:104,48
DA:105,48
DA:106,48
DA:108,48
DA:111,0
DA:112,0
DA:117,48
DA:118,0
DA:121,48
DA:122,0
DA:124,0
DA:128,0
DA:130,0
DA:131,0
DA:133,0
DA:140,48
DA:144,24
DA:147,48
DA:153,24
DA:161,0
DA:162,0
DA:163,0
DA:167,0
DA:168,0
DA:172,0
DA:175,0
DA:176,0
DA:180,0
DA:181,0
DA:184,0
DA:186,0
DA:187,0
DA:190,0
DA:191,0
DA:195,0
DA:199,0
DA:200,0
DA:207,0
DA:213,0
DA:214,0
DA:219,48
DA:220,48
DA:223,48
DA:224,48
LF:54
LH:24
BRDA:111,0,0,0
BRDA:111,1,0,0
BRDA:111,1,1,0
BRDA:111,1,2,0
BRDA:124,2,0,0
BRDA:124,2,1,0
BRDA:125,3,0,0
BRDA:125,3,1,0
BRDA:125,3,2,0
BRDA:130,4,0,0
BRDA:130,4,1,0
BRDA:140,5,0,24
BRDA:141,6,0,48
BRDA:141,6,1,48
BRDA:141,7,0,48
BRDA:141,7,1,48
BRDA:147,8,0,0
BRDA:147,8,1,48
BRDA:155,9,0,24
BRDA:155,9,1,0
BRDA:161,10,0,0
BRDA:167,11,0,0
BRDA:175,12,0,0
BRDA:180,13,0,0
BRDA:180,13,1,0
BRDA:186,14,0,0
BRDA:190,15,0,0
BRDA:195,16,0,0
BRDA:196,17,0,0
BRDA:196,17,1,0
BRDA:196,17,2,0
BRDA:207,18,0,0
BRDA:208,19,0,0
BRDA:208,19,1,0
BRDA:208,19,2,0
BRDA:208,19,3,0
BRDA:208,19,4,0
BRDA:219,20,0,48
BRDA:223,21,0,48
BRF:39
BRH:9
end_of_record
TN:
SF:apps/leads-up/src/app/shared/menu-one/menu-one.component.html
FNF:0
FNH:0
DA:1,10
LF:1
LH:1
BRF:0
BRH:0
end_of_record
TN:
SF:apps/leads-up/src/app/shared/menu-one/menu-one.component.ts
FN:20,(anonymous_0)
FN:25,(anonymous_1)
FNF:2
FNH:2
FNDA:8,(anonymous_0)
FNDA:8,(anonymous_1)
DA:1,10
DA:2,10
DA:3,10
DA:4,10
DA:5,10
DA:6,10
DA:16,10
DA:21,8
DA:22,8
DA:26,8
LF:10
LH:10
BRF:0
BRH:0
end_of_record
TN:
SF:apps/leads-up/src/app/shared/nav-bar-one/nav-bar-one.component.html
FNF:0
FNH:0
DA:1,1
LF:1
LH:1
BRF:0
BRH:0
end_of_record
TN:
SF:apps/leads-up/src/app/shared/nav-bar-one/nav-bar-one.component.ts
FN:14,(anonymous_0)
FNF:1
FNH:1
FNDA:2,(anonymous_0)
DA:1,1
DA:2,1
DA:3,1
DA:4,1
DA:13,1
DA:15,2
LF:6
LH:6
BRF:0
BRH:0
end_of_record
TN:
SF:apps/leads-up/src/app/shared/nav-bar-one/nav-bar-one.config.ts
FNF:0
FNH:0
DA:1,1
DA:5,1
DA:9,2
LF:3
LH:3
BRF:0
BRH:0
end_of_record
TN:
SF:apps/leads-up/src/app/shared/right-menu-one/right-menu-one.component.html
FNF:0
FNH:0
DA:1,10
LF:1
LH:1
BRF:0
BRH:0
end_of_record
TN:
SF:apps/leads-up/src/app/shared/right-menu-one/right-menu-one.component.ts
FN:18,(anonymous_0)
FN:20,(anonymous_1)
FNF:2
FNH:1
FNDA:6,(anonymous_0)
FNDA:0,(anonymous_1)
DA:1,10
DA:2,10
DA:3,10
DA:4,10
DA:5,10
DA:15,10
DA:18,6
DA:21,0
DA:22,0
LF:9
LH:7
BRF:0
BRH:0
end_of_record
TN:
SF:apps/leads-up/src/app/shared/toast/toast.component.html
FNF:0
FNH:0
DA:1,1
LF:1
LH:1
BRF:0
BRH:0
end_of_record
TN:
SF:apps/leads-up/src/app/shared/toast/toast.component.ts
FNF:0
FNH:0
DA:1,1
DA:2,1
DA:3,1
DA:4,1
DA:15,1
LF:5
LH:5
BRF:0
BRH:0
end_of_record
TN:
SF:apps/leads-up/src/app/shared/toast/toast.config.ts
FNF:0
FNH:0
DA:1,1
DA:4,1
LF:2
LH:2
BRF:0
BRH:0
end_of_record
TN:
SF:apps/leads-up/src/app/shared/toast/services/toast.service.ts
FN:6,(anonymous_0)
FN:7,(anonymous_1)
FN:10,(anonymous_2)
FNF:3
FNH:2
FNDA:6,(anonymous_0)
FNDA:1,(anonymous_1)
FNDA:0,(anonymous_2)
DA:1,1
DA:2,1
DA:5,1
DA:6,6
DA:8,1
DA:11,0
LF:6
LH:5
BRF:0
BRH:0
end_of_record
TN:
SF:apps/leads-up/src/app/shared/top-bar-one/top-bar-one.component.html
FNF:0
FNH:0
DA:1,10
LF:1
LH:1
BRF:0
BRH:0
end_of_record
TN:
SF:apps/leads-up/src/app/shared/top-bar-one/top-bar-one.component.ts
FN:15,(anonymous_0)
FNF:1
FNH:1
FNDA:2,(anonymous_0)
DA:1,10
DA:2,10
DA:3,10
DA:4,10
DA:5,10
DA:14,10
DA:16,2
DA:17,2
LF:8
LH:8
BRF:0
BRH:0
end_of_record
TN:
SF:apps/leads-up/src/assets/test-data.ts
FNF:0
FNH:0
DA:1,2
LF:1
LH:1
BRF:0
BRH:0
end_of_record
TN:
SF:apps/leads-up/src/environments/environment.ts
FNF:0
FNH:0
DA:5,2
LF:1
LH:1
BRF:0
BRH:0
end_of_record
TN:
SF:apps/api/src/app/app.controller.ts
FN:9,(anonymous_0)
FN:12,(anonymous_1)
FN:18,(anonymous_2)
FNF:3
FNH:2
FNDA:1,(anonymous_0)
FNDA:1,(anonymous_1)
FNDA:0,(anonymous_2)
DA:1,1
DA:4,1
DA:5,1
DA:8,1
DA:9,1
DA:12,1
DA:13,1
DA:18,1
DA:19,0
LF:9
LH:8
BRF:0
BRH:0
end_of_record
TN:
SF:apps/api/src/app/app.service.ts
FN:6,(anonymous_0)
FNF:1
FNH:1
FNDA:2,(anonymous_0)
DA:1,2
DA:5,2
DA:7,2
LF:3
LH:3
BRF:0
BRH:0
end_of_record
TN:
SF:apps/api/src/app/auth/guards/jwt-auth.guard.ts
FNF:0
FNH:0
DA:1,1
DA:2,1
DA:5,1
LF:3
LH:3
BRF:0
BRH:0
end_of_record
TN:
SF:apps/api/src/app/auth/services/auth.service.ts
FN:9,(anonymous_0)
FN:14,(anonymous_1)
FN:23,(anonymous_3)
FNF:3
FNH:1
FNDA:1,(anonymous_0)
FNDA:0,(anonymous_1)
FNDA:0,(anonymous_3)
DA:1,1
DA:2,1
DA:5,1
DA:8,1
DA:10,1
DA:11,1
DA:15,0
DA:16,0
DA:17,0
DA:18,0
DA:20,0
DA:24,0
DA:25,0
LF:13
LH:6
BRDA:16,0,0,0
BRDA:16,1,0,0
BRDA:16,1,1,0
BRF:3
BRH:0
end_of_record
TN:
SF:apps/api/src/app/users/application/users.service.ts
FN:6,(anonymous_0)
FN:20,(anonymous_1)
FN:21,(anonymous_3)
FNF:3
FNH:1
FNDA:2,(anonymous_0)
FNDA:0,(anonymous_1)
FNDA:0,(anonymous_3)
DA:1,2
DA:6,2
DA:7,2
DA:21,0
LF:4
LH:3
BRF:0
BRH:0
end_of_record
TN:
SF:apps/leads-up/src/app/app.component.ts
FNF:0
FNH:0
DA:1,16
DA:2,16
DA:9,16
LF:3
LH:3
BRF:0
BRH:0
end_of_record
TN:
SF:apps/leads-up/src/app/theme.config.ts
FN:16,(anonymous_0)
FNF:1
FNH:1
FNDA:31,(anonymous_0)
DA:1,17
DA:2,17
DA:5,17
DA:6,31
DA:8,31
DA:10,31
DA:12,31
DA:14,31
DA:16,31
DA:17,31
DA:18,31
LF:11
LH:11
BRF:0
BRH:0
end_of_record
TN:
SF:apps/leads-up/src/app/access-denied/access-denied.component.html
FNF:0
FNH:0
DA:1,1
LF:1
LH:1
BRF:0
BRH:0
end_of_record
TN:
SF:apps/leads-up/src/app/access-denied/access-denied.component.ts
FN:16,(anonymous_0)
FNF:1
FNH:1
FNDA:2,(anonymous_0)
DA:1,1
DA:2,1
DA:3,1
DA:4,1
DA:5,1
DA:15,1
DA:16,2
LF:7
LH:7
BRF:0
BRH:0
end_of_record
TN:
SF:apps/leads-up/src/app/auth/components/login/login.component.html
FNF:0
FNH:0
DA:1,1
LF:1
LH:1
BRF:0
BRH:0
end_of_record
TN:
SF:apps/leads-up/src/app/auth/components/login/login.component.ts
FN:31,(anonymous_0)
FN:40,(anonymous_1)
FN:53,(anonymous_2)
FN:58,(anonymous_3)
FN:60,(anonymous_4)
FNF:5
FNH:2
FNDA:6,(anonymous_0)
FNDA:2,(anonymous_1)
FNDA:0,(anonymous_2)
FNDA:0,(anonymous_3)
FNDA:0,(anonymous_4)
DA:1,1
DA:2,1
DA:3,1
DA:4,1
DA:5,1
DA:6,1
DA:7,1
DA:8,1
DA:9,1
DA:10,1
DA:11,1
DA:27,1
DA:29,6
DA:32,6
DA:33,6
DA:34,6
DA:35,6
DA:37,6
DA:41,2
DA:42,2
DA:43,1
DA:48,1
DA:51,1
DA:52,1
DA:54,0
DA:55,0
DA:56,0
DA:59,0
DA:60,0
DA:61,0
DA:66,0
DA:70,1
LF:32
LH:25
BRDA:41,0,0,2
BRDA:42,1,0,1
BRF:2
BRH:2
end_of_record
TN:
SF:apps/leads-up/src/app/auth/components/login/login.hooks.ts
FN:4,(anonymous_0)
FNF:1
FNH:1
FNDA:4,(anonymous_0)
DA:3,1
DA:5,4
DA:6,2
DA:8,2
LF:4
LH:4
BRDA:5,0,0,2
BRDA:5,1,0,4
BRDA:5,1,1,2
BRF:3
BRH:3
end_of_record
TN:
SF:apps/leads-up/src/app/auth/models/login.model.ts
FN:8,(anonymous_0)
FNF:1
FNH:1
FNDA:6,(anonymous_0)
DA:3,1
DA:9,6
DA:10,6
LF:3
LH:3
BRF:0
BRH:0
end_of_record
TN:
SF:apps/leads-up/src/app/auth/services/login.service.ts
FN:10,(anonymous_0)
FNF:1
FNH:1
FNDA:4,(anonymous_0)
DA:1,2
DA:3,2
DA:9,2
DA:11,4
LF:4
LH:4
BRF:0
BRH:0
end_of_record
TN:
SF:apps/leads-up/src/app/core/services/api-http.service.ts
FN:17,(anonymous_0)
FN:26,(anonymous_1)
FN:30,(anonymous_2)
FNF:3
FNH:2
FNDA:11,(anonymous_0)
FNDA:0,(anonymous_1)
FNDA:4,(anonymous_2)
DA:1,2
DA:2,2
DA:3,2
DA:7,2
DA:12,2
DA:15,11
DA:17,11
DA:18,11
DA:27,0
DA:31,4
LF:10
LH:9
BRF:0
BRH:0
end_of_record
TN:
SF:apps/leads-up/src/app/crm/dashboard/dashboard.component.html
FNF:0
FNH:0
DA:1,1
LF:1
LH:1
BRF:0
BRH:0
end_of_record
TN:
SF:apps/leads-up/src/app/crm/dashboard/dashboard.component.ts
FNF:0
FNH:0
DA:1,1
DA:2,1
DA:3,1
DA:12,1
LF:4
LH:4
BRF:0
BRH:0
end_of_record
TN:
SF:apps/leads-up/src/app/crm/home/home.component.html
FNF:0
FNH:0
DA:1,1
LF:1
LH:1
BRF:0
BRH:0
end_of_record
TN:
SF:apps/leads-up/src/app/crm/home/home.component.ts
FNF:0
FNH:0
DA:1,1
DA:2,1
DA:11,1
LF:3
LH:3
BRF:0
BRH:0
end_of_record
TN:
SF:apps/leads-up/src/app/error/error.component.html
FNF:0
FNH:0
DA:1,1
LF:1
LH:1
BRF:0
BRH:0
end_of_record
TN:
SF:apps/leads-up/src/app/error/error.component.ts
FN:16,(anonymous_0)
FNF:1
FNH:1
FNDA:2,(anonymous_0)
DA:1,1
DA:2,1
DA:3,1
DA:4,1
DA:5,1
DA:15,1
DA:16,2
LF:7
LH:7
BRF:0
BRH:0
end_of_record
TN:
SF:apps/leads-up/src/app/logout/logout.component.ts
FN:13,(anonymous_0)
FNF:1
FNH:1
FNDA:1,(anonymous_0)
DA:1,1
DA:2,1
DA:3,1
DA:12,1
DA:13,1
DA:14,1
DA:15,1
LF:7
LH:7
BRF:0
BRH:0
end_of_record
TN:
SF:apps/leads-up/src/app/not-found/not-found.component.html
FNF:0
FNH:0
DA:1,1
LF:1
LH:1
BRF:0
BRH:0
end_of_record
TN:
SF:apps/leads-up/src/app/not-found/not-found.component.ts
FN:16,(anonymous_0)
FNF:1
FNH:1
FNDA:2,(anonymous_0)
DA:1,1
DA:2,1
DA:3,1
DA:4,1
DA:5,1
DA:15,1
DA:16,2
LF:7
LH:7
BRF:0
BRH:0
end_of_record
TN:
SF:apps/leads-up/src/app/shared/app-config/app-config.component.html
FNF:0
FNH:0
DA:1,10
LF:1
LH:1
BRF:0
BRH:0
end_of_record
TN:
SF:apps/leads-up/src/app/shared/app-config/app-config.component.ts
FN:29,(anonymous_0)
FN:35,(anonymous_1)
FN:36,(anonymous_2)
FN:63,(anonymous_3)
FN:74,(anonymous_4)
FN:93,(anonymous_5)
FN:104,(anonymous_6)
FN:119,(anonymous_7)
FN:124,(anonymous_8)
FN:139,(anonymous_9)
FN:146,(anonymous_10)
FNF:11
FNH:2
FNDA:6,(anonymous_0)
FNDA:6,(anonymous_1)
FNDA:0,(anonymous_2)
FNDA:0,(anonymous_3)
FNDA:0,(anonymous_4)
FNDA:0,(anonymous_5)
FNDA:0,(anonymous_6)
FNDA:0,(anonymous_7)
FNDA:0,(anonymous_8)
FNDA:0,(anonymous_9)
FNDA:0,(anonymous_10)
DA:1,10
DA:2,10
DA:3,10
DA:4,10
DA:5,10
DA:7,10
DA:8,10
DA:10,10
DA:20,10
DA:30,6
DA:31,6
DA:32,6
DA:36,6
DA:37,0
DA:40,6
DA:51,6
DA:64,0
DA:65,0
DA:67,0
DA:68,0
DA:75,0
DA:76,0
DA:77,0
DA:78,0
DA:80,0
DA:82,0
DA:83,0
DA:85,0
DA:88,0
DA:90,0
DA:94,0
DA:98,0
DA:99,0
DA:101,0
DA:105,0
DA:109,0
DA:114,0
DA:116,0
DA:120,0
DA:125,0
DA:126,0
DA:128,0
DA:129,0
DA:131,0
DA:132,0
DA:134,0
DA:139,0
DA:140,0
DA:141,0
DA:147,0
DA:148,0
DA:149,0
DA:150,0
LF:53
LH:15
BRDA:76,0,0,0
BRDA:76,0,1,0
BRDA:76,1,0,0
BRDA:76,1,1,0
BRDA:76,2,0,0
BRDA:76,2,1,0
BRDA:76,3,0,0
BRDA:76,3,1,0
BRDA:77,4,0,0
BRDA:80,5,0,0
BRDA:80,5,1,0
BRDA:83,6,0,0
BRDA:88,7,0,0
BRDA:88,7,1,0
BRDA:88,8,0,0
BRDA:88,8,1,0
BRDA:125,9,0,0
BRDA:125,9,1,0
BRF:18
BRH:0
end_of_record
TN:
SF:apps/leads-up/src/app/shared/app-config/services/app.config.service.ts
FN:17,(anonymous_1)
FN:22,(anonymous_2)
FNF:2
FNH:0
FNDA:0,(anonymous_1)
FNDA:0,(anonymous_2)
DA:1,10
DA:2,10
DA:5,10
DA:6,6
DA:13,6
DA:15,6
DA:18,0
DA:19,0
DA:23,0
LF:9
LH:6
BRF:0
BRH:0
end_of_record
TN:
SF:apps/leads-up/src/app/shared/breadcrumb-one/breadcrumb-one.component.html
FNF:0
FNH:0
DA:1,10
LF:1
LH:1
BRF:0
BRH:0
end_of_record
TN:
SF:apps/leads-up/src/app/shared/breadcrumb-one/breadcrumb-one.component.ts
FN:37,(anonymous_0)
FN:41,(anonymous_1)
FN:48,(anonymous_2)
FNF:3
FNH:2
FNDA:6,(anonymous_0)
FNDA:0,(anonymous_1)
FNDA:6,(anonymous_2)
DA:1,10
DA:2,10
DA:3,10
DA:5,10
DA:6,10
DA:7,10
DA:8,10
DA:10,10
DA:11,10
DA:28,10
DA:38,6
DA:39,6
DA:41,6
DA:42,0
DA:45,6
DA:49,6
DA:50,6
LF:17
LH:16
BRDA:49,0,0,6
BRF:1
BRH:1
end_of_record
TN:
SF:apps/leads-up/src/app/shared/breadcrumb-one/services/breadcrumb.service.ts
FN:11,(anonymous_1)
FNF:1
FNH:0
FNDA:0,(anonymous_1)
DA:1,10
DA:3,10
DA:6,10
DA:7,6
DA:9,6
DA:12,0
LF:6
LH:5
BRF:0
BRH:0
end_of_record
TN:
SF:apps/leads-up/src/app/shared/button-one/button-one.component.html
FNF:0
FNH:0
DA:1,2
LF:1
LH:1
BRF:0
BRH:0
end_of_record
TN:
SF:apps/leads-up/src/app/shared/button-one/button-one.component.ts
FNF:0
FNH:0
DA:1,2
DA:2,2
DA:3,2
DA:4,2
DA:5,2
DA:15,2
LF:6
LH:6
BRF:0
BRH:0
end_of_record
TN:
SF:apps/leads-up/src/app/shared/button-one/button-one.config.ts
FN:49,(anonymous_1)
FNF:1
FNH:0
FNDA:0,(anonymous_1)
DA:1,2
DA:4,2
DA:27,8
DA:44,8
DA:49,8
DA:50,0
DA:51,0
LF:7
LH:5
BRF:0
BRH:0
end_of_record
TN:
SF:apps/leads-up/src/app/shared/dashboard-menu-one/dashboard-menu-one.component.html
FNF:0
FNH:0
DA:1,10
LF:1
LH:1
BRF:0
BRH:0
end_of_record
TN:
SF:apps/leads-up/src/app/shared/dashboard-menu-one/dashboard-menu-one.component.ts
FN:76,(anonymous_0)
FN:82,(anonymous_1)
FN:121,(anonymous_2)
FN:126,(anonymous_3)
FN:140,(anonymous_4)
FN:144,(anonymous_5)
FN:150,(anonymous_6)
FN:152,(anonymous_7)
FN:160,(anonymous_8)
FN:176,(anonymous_9)
FN:188,(anonymous_10)
FN:192,(anonymous_11)
FN:197,(anonymous_12)
FN:201,(anonymous_13)
FN:207,(anonymous_14)
FN:211,(anonymous_15)
FN:215,(anonymous_16)
FN:219,(anonymous_17)
FN:223,(anonymous_18)
FN:227,(anonymous_19)
FN:231,(anonymous_20)
FN:235,(anonymous_21)
FNF:22
FNH:7
FNDA:16,(anonymous_0)
FNDA:0,(anonymous_1)
FNDA:0,(anonymous_2)
FNDA:0,(anonymous_3)
FNDA:0,(anonymous_4)
FNDA:0,(anonymous_5)
FNDA:0,(anonymous_6)
FNDA:0,(anonymous_7)
FNDA:0,(anonymous_8)
FNDA:0,(anonymous_9)
FNDA:0,(anonymous_10)
FNDA:0,(anonymous_11)
FNDA:0,(anonymous_12)
FNDA:0,(anonymous_13)
FNDA:0,(anonymous_14)
FNDA:76,(anonymous_15)
FNDA:16,(anonymous_16)
FNDA:72,(anonymous_17)
FNDA:62,(anonymous_18)
FNDA:32,(anonymous_19)
FNDA:0,(anonymous_20)
FNDA:48,(anonymous_21)
DA:1,10
DA:2,10
DA:3,10
DA:4,10
DA:5,10
DA:6,10
DA:7,10
DA:8,10
DA:9,10
DA:10,10
DA:11,10
DA:12,10
DA:13,10
DA:32,10
DA:35,16
DA:39,16
DA:41,16
DA:43,16
DA:47,16
DA:56,16
DA:62,16
DA:77,16
DA:78,16
DA:79,16
DA:83,0
DA:84,0
DA:85,0
DA:88,0
DA:89,0
DA:90,0
DA:93,0
DA:94,0
DA:95,0
DA:98,0
DA:99,0
DA:102,0
DA:103,0
DA:104,0
DA:105,0
DA:108,0
DA:109,0
DA:110,0
DA:114,0
DA:115,0
DA:116,0
DA:117,0
DA:118,0
DA:122,0
DA:127,0
DA:129,0
DA:130,0
DA:133,0
DA:134,0
DA:137,0
DA:141,0
DA:142,0
DA:143,0
DA:144,0
DA:145,0
DA:151,0
DA:152,0
DA:153,0
DA:154,0
DA:155,0
DA:161,0
DA:163,0
DA:164,0
DA:167,0
DA:168,0
DA:170,0
DA:173,0
DA:177,0
DA:179,0
DA:180,0
DA:182,0
DA:185,0
DA:189,0
DA:193,0
DA:194,0
DA:198,0
DA:202,0
DA:203,0
DA:204,0
DA:208,0
DA:212,76
DA:216,16
DA:220,72
DA:224,62
DA:228,32
DA:232,0
DA:236,48
LF:91
LH:30
BRDA:83,0,0,0
BRDA:88,1,0,0
BRDA:88,2,0,0
BRDA:88,2,1,0
BRDA:93,3,0,0
BRDA:93,4,0,0
BRDA:93,4,1,0
BRDA:98,5,0,0
BRDA:98,6,0,0
BRDA:98,6,1,0
BRDA:102,7,0,0
BRDA:103,8,0,0
BRDA:103,9,0,0
BRDA:103,9,1,0
BRDA:103,9,2,0
BRDA:108,10,0,0
BRDA:108,11,0,0
BRDA:108,11,1,0
BRDA:129,12,0,0
BRDA:133,13,0,0
BRDA:141,14,0,0
BRDA:141,15,0,0
BRDA:141,15,1,0
BRDA:151,16,0,0
BRDA:151,17,0,0
BRDA:151,17,1,0
BRDA:163,18,0,0
BRDA:167,19,0,0
BRDA:167,19,1,0
BRDA:179,20,0,0
BRDA:179,20,1,0
BRF:31
BRH:0
end_of_record
TN:
SF:apps/leads-up/src/app/shared/dashboard-menu-one/services/dashboard-menu.service.ts
FN:12,(anonymous_1)
FN:16,(anonymous_2)
FNF:2
FNH:0
FNDA:0,(anonymous_1)
FNDA:0,(anonymous_2)
DA:1,10
DA:2,10
DA:5,10
DA:6,16
DA:7,16
DA:9,16
DA:10,16
DA:13,0
DA:17,0
LF:9
LH:7
BRF:0
BRH:0
end_of_record
TN:
SF:apps/leads-up/src/app/shared/footer-one/footer-one.component.html
FNF:0
FNH:0
DA:1,11
LF:1
LH:1
BRF:0
BRH:0
end_of_record
TN:
SF:apps/leads-up/src/app/shared/footer-one/footer-one.component.ts
FN:13,(anonymous_0)
FNF:1
FNH:1
FNDA:6,(anonymous_0)
DA:1,11
DA:2,11
DA:3,11
DA:12,11
DA:13,6
LF:5
LH:5
BRF:0
BRH:0
end_of_record
TN:
SF:apps/leads-up/src/app/shared/inline-menu-one/inline-menu-one.component.html
FNF:0
FNH:0
DA:1,10
LF:1
LH:1
BRF:0
BRH:0
end_of_record
TN:
SF:apps/leads-up/src/app/shared/inline-menu-one/inline-menu-one.component.ts
FN:59,(anonymous_0)
FNF:1
FNH:1
FNDA:10,(anonymous_0)
DA:1,10
DA:8,10
DA:9,10
DA:10,10
DA:11,10
DA:58,10
DA:59,10
LF:7
LH:7
BRF:0
BRH:0
end_of_record
TN:
SF:apps/leads-up/src/app/shared/input-text-one/input-text-one.component.html
FNF:0
FNH:0
DA:1,2
LF:1
LH:1
BRF:0
BRH:0
end_of_record
TN:
SF:apps/leads-up/src/app/shared/input-text-one/input-text-one.component.ts
FNF:0
FNH:0
DA:1,2
DA:2,2
DA:3,2
DA:4,2
DA:5,2
DA:15,2
LF:6
LH:6
BRF:0
BRH:0
end_of_record
TN:
SF:apps/leads-up/src/app/shared/input-text-one/input-text-one.config.ts
FN:14,(anonymous_1)
FNF:1
FNH:0
FNDA:0,(anonymous_1)
DA:1,2
DA:4,2
DA:12,14
DA:15,0
LF:4
LH:3
BRF:0
BRH:0
end_of_record
TN:
SF:apps/leads-up/src/app/shared/menu-item/menu-item.component.html
FNF:0
FNH:0
DA:1,10
LF:1
LH:1
BRF:0
BRH:0
end_of_record
TN:
SF:apps/leads-up/src/app/shared/menu-item/menu-item.component.ts
FN:103,(anonymous_0)
FN:109,(anonymous_1)
FN:117,(anonymous_2)
FN:122,(anonymous_3)
FN:123,(anonymous_4)
FN:139,(anonymous_5)
FN:152,(anonymous_6)
FN:159,(anonymous_7)
FN:205,(anonymous_8)
FN:218,(anonymous_9)
FNF:10
FNH:4
FNDA:48,(anonymous_0)
FNDA:0,(anonymous_1)
FNDA:0,(anonymous_2)
FNDA:0,(anonymous_3)
FNDA:0,(anonymous_4)
FNDA:48,(anonymous_5)
FNDA:24,(anonymous_6)
FNDA:0,(anonymous_7)
FNDA:0,(anonymous_8)
FNDA:48,(anonymous_9)
DA:1,10
DA:8,10
DA:9,10
DA:16,10
DA:17,10
DA:18,10
DA:19,10
DA:20,10
DA:83,10
DA:93,48
DA:104,48
DA:105,48
DA:106,48
DA:108,48
DA:111,0
DA:112,0
DA:117,48
DA:118,0
DA:121,48
DA:122,0
DA:124,0
DA:128,0
DA:130,0
DA:131,0
DA:133,0
DA:140,48
DA:144,24
DA:147,48
DA:153,24
DA:161,0
DA:162,0
DA:163,0
DA:167,0
DA:168,0
DA:172,0
DA:175,0
DA:176,0
DA:180,0
DA:181,0
DA:184,0
DA:186,0
DA:187,0
DA:190,0
DA:191,0
DA:195,0
DA:199,0
DA:200,0
DA:207,0
DA:213,0
DA:214,0
DA:219,48
DA:220,48
DA:223,48
DA:224,48
LF:54
LH:24
BRDA:111,0,0,0
BRDA:111,1,0,0
BRDA:111,1,1,0
BRDA:111,1,2,0
BRDA:124,2,0,0
BRDA:124,2,1,0
BRDA:125,3,0,0
BRDA:125,3,1,0
BRDA:125,3,2,0
BRDA:130,4,0,0
BRDA:130,4,1,0
BRDA:140,5,0,24
BRDA:141,6,0,48
BRDA:141,6,1,48
BRDA:141,7,0,48
BRDA:141,7,1,48
BRDA:147,8,0,0
BRDA:147,8,1,48
BRDA:155,9,0,24
BRDA:155,9,1,0
BRDA:161,10,0,0
BRDA:167,11,0,0
BRDA:175,12,0,0
BRDA:180,13,0,0
BRDA:180,13,1,0
BRDA:186,14,0,0
BRDA:190,15,0,0
BRDA:195,16,0,0
BRDA:196,17,0,0
BRDA:196,17,1,0
BRDA:196,17,2,0
BRDA:207,18,0,0
BRDA:208,19,0,0
BRDA:208,19,1,0
BRDA:208,19,2,0
BRDA:208,19,3,0
BRDA:208,19,4,0
BRDA:219,20,0,48
BRDA:223,21,0,48
BRF:39
BRH:9
end_of_record
TN:
SF:apps/leads-up/src/app/shared/menu-one/menu-one.component.html
FNF:0
FNH:0
DA:1,10
LF:1
LH:1
BRF:0
BRH:0
end_of_record
TN:
SF:apps/leads-up/src/app/shared/menu-one/menu-one.component.ts
FN:20,(anonymous_0)
FN:25,(anonymous_1)
FNF:2
FNH:2
FNDA:8,(anonymous_0)
FNDA:8,(anonymous_1)
DA:1,10
DA:2,10
DA:3,10
DA:4,10
DA:5,10
DA:6,10
DA:16,10
DA:21,8
DA:22,8
DA:26,8
LF:10
LH:10
BRF:0
BRH:0
end_of_record
TN:
SF:apps/leads-up/src/app/shared/nav-bar-one/nav-bar-one.component.html
FNF:0
FNH:0
DA:1,1
LF:1
LH:1
BRF:0
BRH:0
end_of_record
TN:
SF:apps/leads-up/src/app/shared/nav-bar-one/nav-bar-one.component.ts
FN:14,(anonymous_0)
FNF:1
FNH:1
FNDA:2,(anonymous_0)
DA:1,1
DA:2,1
DA:3,1
DA:4,1
DA:13,1
DA:15,2
LF:6
LH:6
BRF:0
BRH:0
end_of_record
TN:
SF:apps/leads-up/src/app/shared/nav-bar-one/nav-bar-one.config.ts
FNF:0
FNH:0
DA:1,1
DA:5,1
DA:9,2
LF:3
LH:3
BRF:0
BRH:0
end_of_record
TN:
SF:apps/leads-up/src/app/shared/right-menu-one/right-menu-one.component.html
FNF:0
FNH:0
DA:1,10
LF:1
LH:1
BRF:0
BRH:0
end_of_record
TN:
SF:apps/leads-up/src/app/shared/right-menu-one/right-menu-one.component.ts
FN:18,(anonymous_0)
FN:20,(anonymous_1)
FNF:2
FNH:1
FNDA:6,(anonymous_0)
FNDA:0,(anonymous_1)
DA:1,10
DA:2,10
DA:3,10
DA:4,10
DA:5,10
DA:15,10
DA:18,6
DA:21,0
DA:22,0
LF:9
LH:7
BRF:0
BRH:0
end_of_record
TN:
SF:apps/leads-up/src/app/shared/toast/toast.component.html
FNF:0
FNH:0
DA:1,1
LF:1
LH:1
BRF:0
BRH:0
end_of_record
TN:
SF:apps/leads-up/src/app/shared/toast/toast.component.ts
FNF:0
FNH:0
DA:1,1
DA:2,1
DA:3,1
DA:4,1
DA:15,1
LF:5
LH:5
BRF:0
BRH:0
end_of_record
TN:
SF:apps/leads-up/src/app/shared/toast/toast.config.ts
FNF:0
FNH:0
DA:1,1
DA:4,1
LF:2
LH:2
BRF:0
BRH:0
end_of_record
TN:
SF:apps/leads-up/src/app/shared/toast/services/toast.service.ts
FN:6,(anonymous_0)
FN:7,(anonymous_1)
FN:10,(anonymous_2)
FNF:3
FNH:2
FNDA:6,(anonymous_0)
FNDA:1,(anonymous_1)
FNDA:0,(anonymous_2)
DA:1,1
DA:2,1
DA:5,1
DA:6,6
DA:8,1
DA:11,0
LF:6
LH:5
BRF:0
BRH:0
end_of_record
TN:
SF:apps/leads-up/src/app/shared/top-bar-one/top-bar-one.component.html
FNF:0
FNH:0
DA:1,10
LF:1
LH:1
BRF:0
BRH:0
end_of_record
TN:
SF:apps/leads-up/src/app/shared/top-bar-one/top-bar-one.component.ts
FN:15,(anonymous_0)
FNF:1
FNH:1
FNDA:2,(anonymous_0)
DA:1,10
DA:2,10
DA:3,10
DA:4,10
DA:5,10
DA:14,10
DA:16,2
DA:17,2
LF:8
LH:8
BRF:0
BRH:0
end_of_record
TN:
SF:apps/leads-up/src/assets/test-data.ts
FNF:0
FNH:0
DA:1,2
LF:1
LH:1
BRF:0
BRH:0
end_of_record
TN:
SF:apps/leads-up/src/environments/environment.ts
FNF:0
FNH:0
DA:5,2
LF:1
LH:1
BRF:0
BRH:0
end_of_record
